Flow report for semaforo_pedestre
Wed Jul 09 16:22:46 2025
Quartus II 64-Bit Version 13.0.1 Build 232 06/12/2013 Service Pack 1 SJ Web Edition


---------------------
; Table of Contents ;
---------------------
  1. Legal Notice
  2. Flow Summary
  3. Flow Settings
  4. Flow Non-Default Global Settings
  5. Flow Elapsed Time
  6. Flow OS Summary
  7. Flow Log
  8. Flow Messages
  9. Flow Suppressed Messages



----------------
; Legal Notice ;
----------------
Copyright (C) 1991-2013 Altera Corporation
Your use of Altera Corporation's design tools, logic functions 
and other software and tools, and its AMPP partner logic 
functions, and any output files from any of the foregoing 
(including device programming or simulation files), and any 
associated documentation or information are expressly subject 
to the terms and conditions of the Altera Program License 
Subscription Agreement, Altera MegaCore Function License 
Agreement, or other applicable license agreement, including, 
without limitation, that your use is for the sole purpose of 
programming logic devices manufactured by Altera and sold by 
Altera or its authorized distributors.  Please refer to the 
applicable agreement for further details.



+-------------------------------------------------------------------------------------------+
; Flow Summary                                                                              ;
+------------------------------------+------------------------------------------------------+
; Flow Status                        ; EDA Netlist Writer Failed - Wed Jul 09 16:22:46 2025 ;
; Quartus II 64-Bit Version          ; 13.0.1 Build 232 06/12/2013 SP 1 SJ Web Edition      ;
; Revision Name                      ; semaforo_pedestre                                    ;
; Top-level Entity Name              ; semaforo_pedestre                                    ;
; Family                             ; Cyclone II                                           ;
; Device                             ; EP2C35F672C7                                         ;
; Timing Models                      ; Final                                                ;
; Total logic elements               ; 130 / 33,216 ( < 1 % )                               ;
;     Total combinational functions  ; 128 / 33,216 ( < 1 % )                               ;
;     Dedicated logic registers      ; 71 / 33,216 ( < 1 % )                                ;
; Total registers                    ; 71                                                   ;
; Total pins                         ; 23 / 475 ( 5 % )                                     ;
; Total virtual pins                 ; 0                                                    ;
; Total memory bits                  ; 0 / 483,840 ( 0 % )                                  ;
; Embedded Multiplier 9-bit elements ; 0 / 70 ( 0 % )                                       ;
; Total PLLs                         ; 0 / 4 ( 0 % )                                        ;
+------------------------------------+------------------------------------------------------+


+-----------------------------------------+
; Flow Settings                           ;
+-------------------+---------------------+
; Option            ; Setting             ;
+-------------------+---------------------+
; Start date & time ; 07/09/2025 15:29:09 ;
; Main task         ; Compilation         ;
; Revision Name     ; semaforo_pedestre   ;
+-------------------+---------------------+


+------------------------------------------------------------------------------------------------------------------+
; Flow Non-Default Global Settings                                                                                 ;
+-------------------------------------+---------------------------------+---------------+-------------+------------+
; Assignment Name                     ; Value                           ; Default Value ; Entity Name ; Section Id ;
+-------------------------------------+---------------------------------+---------------+-------------+------------+
; COMPILER_SIGNATURE_ID               ; 123598315214023.175208574920412 ; --            ; --          ; --         ;
; MAX_CORE_JUNCTION_TEMP              ; 85                              ; --            ; --          ; --         ;
; MIN_CORE_JUNCTION_TEMP              ; 0                               ; --            ; --          ; --         ;
; PARTITION_COLOR                     ; 16764057                        ; --            ; --          ; Top        ;
; PARTITION_FITTER_PRESERVATION_LEVEL ; PLACEMENT_AND_ROUTING           ; --            ; --          ; Top        ;
; PARTITION_NETLIST_TYPE              ; SOURCE                          ; --            ; --          ; Top        ;
; PROJECT_OUTPUT_DIRECTORY            ; output_files                    ; --            ; --          ; --         ;
+-------------------------------------+---------------------------------+---------------+-------------+------------+


+-------------------------------------------------------------------------------------------------------------------------------+
; Flow Elapsed Time                                                                                                             ;
+---------------------------+--------------+-------------------------+---------------------+------------------------------------+
; Module Name               ; Elapsed Time ; Average Processors Used ; Peak Virtual Memory ; Total CPU Time (on all processors) ;
+---------------------------+--------------+-------------------------+---------------------+------------------------------------+
; Analysis & Synthesis      ; 00:00:02     ; 1.0                     ; 4640 MB             ; 00:00:02                           ;
; Fitter                    ; 00:00:07     ; 1.0                     ; 4883 MB             ; 00:00:07                           ;
; Assembler                 ; 00:00:02     ; 1.0                     ; 4561 MB             ; 00:00:02                           ;
; TimeQuest Timing Analyzer ; 00:00:02     ; 1.0                     ; 4545 MB             ; 00:00:01                           ;
; EDA Netlist Writer        ; 00:00:01     ; 1.0                     ; 4521 MB             ; 00:00:00                           ;
; EDA Netlist Writer        ; 00:00:01     ; 1.0                     ; 4521 MB             ; 00:00:00                           ;
; Total                     ; 00:00:15     ; --                      ; --                  ; 00:00:12                           ;
+---------------------------+--------------+-------------------------+---------------------+------------------------------------+


+----------------------------------------------------------------------------------------+
; Flow OS Summary                                                                        ;
+---------------------------+------------------+-----------+------------+----------------+
; Module Name               ; Machine Hostname ; OS Name   ; OS Version ; Processor type ;
+---------------------------+------------------+-----------+------------+----------------+
; Analysis & Synthesis      ; LAPTOP-PNF30JI9  ; Windows 7 ; 6.2        ; x86_64         ;
; Fitter                    ; LAPTOP-PNF30JI9  ; Windows 7 ; 6.2        ; x86_64         ;
; Assembler                 ; LAPTOP-PNF30JI9  ; Windows 7 ; 6.2        ; x86_64         ;
; TimeQuest Timing Analyzer ; LAPTOP-PNF30JI9  ; Windows 7 ; 6.2        ; x86_64         ;
; EDA Netlist Writer        ; LAPTOP-PNF30JI9  ; Windows 7 ; 6.2        ; x86_64         ;
; EDA Netlist Writer        ; LAPTOP-PNF30JI9  ; Windows 7 ; 6.2        ; x86_64         ;
+---------------------------+------------------+-----------+------------+----------------+


------------
; Flow Log ;
------------
quartus_map --read_settings_files=on --write_settings_files=off semaforo_pedestre -c semaforo_pedestre
quartus_fit --read_settings_files=off --write_settings_files=off semaforo_pedestre -c semaforo_pedestre
quartus_asm --read_settings_files=off --write_settings_files=off semaforo_pedestre -c semaforo_pedestre
quartus_sta semaforo_pedestre -c semaforo_pedestre
quartus_eda --gen_testbench --check_outputs=on --tool=modelsim_oem --format=verilog semaforo_pedestre -c semaforo_pedestre --vector_source="C:/Users/laize/OneDrive/Área de Trabalho/teste de novo/Waveform.vwf" --testbench_file=./simulation/qsim/semaforo_pedestre.vt
quartus_eda --gen_testbench --check_outputs=on --tool=modelsim_oem --format=verilog semaforo_pedestre -c semaforo_pedestre --vector_source="C:/Users/laize/OneDrive/Área de Trabalho/teste de novo/Waveform.vwf" --testbench_file=./simulation/qsim/semaforo_pedestre.vt



